A conda environment has been detected CONDA_PREFIX=
/u/langzhou/.conda/envs/medfuse 
anaconda3_cpu is loaded. Consider running conda deactivate and reloading it.
cur args is:  Namespace(align=0.0, batch_size=16, beta_1=0.9, crop=224, cxr_data_dir='physionet.org/files/mimic-cxr-jpg/2.0.0', daft_activation='linear', data_pairs='radiology', data_ratio=1.0, depth=1, dim=256, dropout=0.3, ehr_data_dir='mimic4extract/data', epochs=100, eval=False, fusion='joint', fusion_type='uni_cxr', imputation='previous', labels_set='radiology', layer_after=4, layers=2, load_state=None, load_state_cxr=None, load_state_ehr=None, lr=0.0001, missing_token=None, mmtm_ratio=4, mode='eval', network=None, normalizer_state=None, num_classes=25, patience=15, pretrained=True, rec_dropout=0.0, resize=256, resume=False, save_dir='checkpoints/cxr_rad_full', task='phenotyping', timestep=1.0, vision_backbone='resnet34', vision_num_classes=14)
  layer_after                             : 4
  layers                                  : 2
  vision_num_classes                      : 14
  resize                                  : 256
  crop                                    : 224
  vision_backbone                         : resnet34
  pretrained                              : True
  eval                                    : False
  network                                 : None
  fusion_type                             : uni_cxr
  task                                    : phenotyping
  labels_set                              : radiology
  data_ratio                              : 1.0
  mmtm_ratio                              : 4
  daft_activation                         : linear
  fusion                                  : joint
  dim                                     : 256
  depth                                   : 1
  epochs                                  : 100
  load_state                              : None
  load_state_cxr                          : None
  load_state_ehr                          : None
  mode                                    : eval
  batch_size                              : 16
  resume                                  : False
  dropout                                 : 0.3
  num_classes                             : 25
  patience                                : 15
  rec_dropout                             : 0.0
  timestep                                : 1.0
  imputation                              : previous
  lr                                      : 0.0001
  align                                   : 0.0
  data_pairs                              : radiology
  missing_token                           : None
  beta_1                                  : 0.9
  normalizer_state                        : None
  ehr_data_dir                            : mimic4extract/data
  cxr_data_dir                            : physionet.org/files/mimic-cxr-jpg/2.0.0
  save_dir                                : checkpoints/cxr_rad_full
/u/langzhou/.conda/envs/medfuse/lib/python3.6/site-packages/torch/nn/modules/rnn.py:65: UserWarning: dropout option adds dropout after all but last recurrent layer, so non-zero dropout expects num_layers greater than 1, but got dropout=0.3 and num_layers=1
  "num_layers={}".format(dropout, num_layers))
/u/langzhou/.conda/envs/medfuse/lib/python3.6/site-packages/torch/nn/_reduction.py:42: UserWarning: size_average and reduce args will be deprecated, please use reduction='mean' instead.
  warnings.warn(warning.format(ret))
LSTM(
  (layer0): LSTM(76, 256, batch_first=True, dropout=0.3)
  (layer1): LSTM(256, 256, batch_first=True, dropout=0.3)
  (do): Dropout(p=0.3, inplace=False)
  (dense_layer): Linear(in_features=256, out_features=25, bias=True)
)
Adam (
Parameter Group 0
    amsgrad: False
    betas: (0.9, 0.9)
    eps: 1e-08
    lr: 0.0001
    weight_decay: 0
)
BCELoss()
validating ... 
starting val epoch 0
/u/langzhou/.conda/envs/medfuse/lib/python3.6/site-packages/torch/nn/functional.py:718: UserWarning: Named tensors and all their associated APIs are an experimental feature and subject to change. Please do not use them for anything important until they are released as stable. (Triggered internally at  /opt/conda/conda-bld/pytorch_1623448272031/work/c10/core/TensorImpl.h:1156.)
  return torch.max_pool2d(input, kernel_size, stride, padding, dilation, ceil_mode)
val [0000 / 0100] validation loss: 	0.75542 	0.00000
Atelectasis                                                                                & 0.499(0.507, 0.492) & 0.233 (0.239, 0.228) 
Cardiomegaly                                                                               & 0.547(0.554, 0.541) & 0.263 (0.270, 0.256) 
Consolidation                                                                              & 0.486(0.500, 0.473) & 0.050 (0.053, 0.047) 
Edema                                                                                      & 0.480(0.488, 0.472) & 0.143 (0.148, 0.138) 
Enlarged Cardiomediastinum                                                                 & 0.466(0.483, 0.448) & 0.034 (0.038, 0.032) 
Fracture                                                                                   & 0.505(0.525, 0.484) & 0.020 (0.022, 0.018) 
Lung Lesion                                                                                & 0.463(0.480, 0.446) & 0.026 (0.029, 0.024) 
Lung Opacity                                                                               & 0.508(0.515, 0.501) & 0.258 (0.264, 0.252) 
No Finding                                                                                 & 0.550(0.557, 0.543) & 0.287 (0.295, 0.279) 
Pleural Effusion                                                                           & 0.494(0.501, 0.488) & 0.289 (0.295, 0.283) 
Pleural Other                                                                              & 0.484(0.516, 0.451) & 0.008 (0.009, 0.007) 
Pneumonia                                                                                  & 0.509(0.520, 0.498) & 0.080 (0.084, 0.076) 
Pneumothorax                                                                               & 0.463(0.477, 0.449) & 0.035 (0.037, 0.033) 
Support Devices                                                                            & 0.483(0.488, 0.476) & 0.305 (0.311, 0.299) 



uni_cxr test  0   best mean auc :0.495 mean auprc 0.145 


                    CI AUROC (0.483, 0.508) CI AUPRC (0.141, 0.150) 


                     AUROC accute 0.495 mixed 0.495 chronic 0.495


                     AUROC accute CI (0.483, 0.508) mixed (0.483 , 0.508) chronic (0.483, 0.508)


                     AUPRC accute  0.145 mixed 0.145 chronic 0.145 


                     AUPRC accute CI  (0.141, 0.150) mixed (0.141,  0.150) chronic (0.141, 0.150) 


                    
